DEBUG main org.springframework.core.env.PropertySourcesPropertyResolver - Found key 'spring.liveBeansView.mbeanDomain' in PropertySource 'systemProperties' with value of type String
INFO main org.springframework.boot.web.embedded.tomcat.TomcatWebServer - Tomcat started on port(s): 8080 (http) with context path ''
INFO main com.example.druid.DruidApplication - Started DruidApplication in 22.52 seconds (JVM running for 28.272)
DEBUG RMI TCP Connection(2)-10.10.16.21 org.springframework.core.env.PropertySourcesPropertyResolver - Found key 'local.server.port' in PropertySource 'server.ports' with value of type Integer
DEBUG Thread-48 org.springframework.boot.web.servlet.context.AnnotationConfigServletWebServerApplicationContext - Closing org.springframework.boot.web.servlet.context.AnnotationConfigServletWebServerApplicationContext@159f197, started on Sat Jul 13 12:57:23 CST 2019
DEBUG Thread-48 org.springframework.core.env.PropertySourcesPropertyResolver - Found key 'spring.liveBeansView.mbeanDomain' in PropertySource 'systemProperties' with value of type String
DEBUG Thread-48 org.springframework.jmx.export.annotation.AnnotationMBeanExporter - Unregistering JMX-exposed beans on shutdown
DEBUG Thread-48 org.springframework.jmx.export.annotation.AnnotationMBeanExporter - Unregistering JMX-exposed beans
INFO Thread-48 org.springframework.scheduling.concurrent.ThreadPoolTaskExecutor - Shutting down ExecutorService 'applicationTaskExecutor'
INFO Thread-48 com.alibaba.druid.pool.DruidDataSource - {dataSource-0} closing ...
INFO background-preinit org.hibernate.validator.internal.util.Version - HV000001: Hibernate Validator 6.0.17.Final
INFO background-preinit org.hibernate.validator.internal.util.Version - HV000001: Hibernate Validator 6.0.17.Final
INFO main com.example.druid.DruidApplication - Starting DruidApplication on Chens-MacBook-Pro.local with PID 32887 (/Users/apiapia/Desktop/JAVA/Druid/target/classes started by apiapia in /Users/apiapia/Desktop/JAVA/Druid)
INFO main com.example.druid.DruidApplication - No active profile set, falling back to default profiles: default
INFO main org.springframework.context.support.PostProcessorRegistrationDelegate$BeanPostProcessorChecker - Bean 'shiroConfig' of type [com.example.druid.config.ShiroConfig$$EnhancerBySpringCGLIB$$41c1f4ef] is not eligible for getting processed by all BeanPostProcessors (for example: not eligible for auto-proxying)
INFO main org.springframework.context.support.PostProcessorRegistrationDelegate$BeanPostProcessorChecker - Bean 'org.springframework.transaction.annotation.ProxyTransactionManagementConfiguration' of type [org.springframework.transaction.annotation.ProxyTransactionManagementConfiguration$$EnhancerBySpringCGLIB$$529aa206] is not eligible for getting processed by all BeanPostProcessors (for example: not eligible for auto-proxying)
INFO main org.springframework.context.support.PostProcessorRegistrationDelegate$BeanPostProcessorChecker - Bean 'mybatis-org.mybatis.spring.boot.autoconfigure.MybatisProperties' of type [org.mybatis.spring.boot.autoconfigure.MybatisProperties] is not eligible for getting processed by all BeanPostProcessors (for example: not eligible for auto-proxying)
INFO main org.springframework.context.support.PostProcessorRegistrationDelegate$BeanPostProcessorChecker - Bean 'org.mybatis.spring.boot.autoconfigure.MybatisAutoConfiguration' of type [org.mybatis.spring.boot.autoconfigure.MybatisAutoConfiguration$$EnhancerBySpringCGLIB$$856ef336] is not eligible for getting processed by all BeanPostProcessors (for example: not eligible for auto-proxying)
INFO main org.springframework.context.support.PostProcessorRegistrationDelegate$BeanPostProcessorChecker - Bean 'druidConfig' of type [com.example.druid.config.DruidConfig$$EnhancerBySpringCGLIB$$96685860] is not eligible for getting processed by all BeanPostProcessors (for example: not eligible for auto-proxying)
INFO main org.springframework.context.support.PostProcessorRegistrationDelegate$BeanPostProcessorChecker - Bean 'druid' of type [com.alibaba.druid.pool.DruidDataSource] is not eligible for getting processed by all BeanPostProcessors (for example: not eligible for auto-proxying)
INFO main org.springframework.context.support.PostProcessorRegistrationDelegate$BeanPostProcessorChecker - Bean 'spring.datasource-org.springframework.boot.autoconfigure.jdbc.DataSourceProperties' of type [org.springframework.boot.autoconfigure.jdbc.DataSourceProperties] is not eligible for getting processed by all BeanPostProcessors (for example: not eligible for auto-proxying)
INFO main org.springframework.context.support.PostProcessorRegistrationDelegate$BeanPostProcessorChecker - Bean 'org.springframework.boot.autoconfigure.jdbc.DataSourceInitializerInvoker' of type [org.springframework.boot.autoconfigure.jdbc.DataSourceInitializerInvoker] is not eligible for getting processed by all BeanPostProcessors (for example: not eligible for auto-proxying)
INFO main org.springframework.context.support.PostProcessorRegistrationDelegate$BeanPostProcessorChecker - Bean 'sqlSessionFactory' of type [org.apache.ibatis.session.defaults.DefaultSqlSessionFactory] is not eligible for getting processed by all BeanPostProcessors (for example: not eligible for auto-proxying)
INFO main org.springframework.context.support.PostProcessorRegistrationDelegate$BeanPostProcessorChecker - Bean 'sqlSessionTemplate' of type [org.mybatis.spring.SqlSessionTemplate] is not eligible for getting processed by all BeanPostProcessors (for example: not eligible for auto-proxying)
INFO main org.springframework.context.support.PostProcessorRegistrationDelegate$BeanPostProcessorChecker - Bean 'employeeMapper' of type [org.mybatis.spring.mapper.MapperFactoryBean] is not eligible for getting processed by all BeanPostProcessors (for example: not eligible for auto-proxying)
INFO main org.springframework.context.support.PostProcessorRegistrationDelegate$BeanPostProcessorChecker - Bean 'employeeMapper' of type [com.sun.proxy.$Proxy53] is not eligible for getting processed by all BeanPostProcessors (for example: not eligible for auto-proxying)
INFO main org.springframework.context.support.PostProcessorRegistrationDelegate$BeanPostProcessorChecker - Bean 'userRealm' of type [com.example.druid.config.UserRealm] is not eligible for getting processed by all BeanPostProcessors (for example: not eligible for auto-proxying)
INFO main org.springframework.context.support.PostProcessorRegistrationDelegate$BeanPostProcessorChecker - Bean 'shiroEhCacheManager' of type [org.apache.shiro.cache.ehcache.EhCacheManager] is not eligible for getting processed by all BeanPostProcessors (for example: not eligible for auto-proxying)
INFO main org.apache.shiro.cache.ehcache.EhCacheManager - Cache with name 'com.example.druid.config.UserRealm.authorizationCache' does not yet exist.  Creating now.
INFO main org.apache.shiro.cache.ehcache.EhCacheManager - Added EhCache named [com.example.druid.config.UserRealm.authorizationCache]
INFO main org.springframework.context.support.PostProcessorRegistrationDelegate$BeanPostProcessorChecker - Bean 'securityManager' of type [org.apache.shiro.web.mgt.DefaultWebSecurityManager] is not eligible for getting processed by all BeanPostProcessors (for example: not eligible for auto-proxying)
INFO main org.springframework.boot.web.embedded.tomcat.TomcatWebServer - Tomcat initialized with port(s): 8080 (http)
INFO main org.springframework.web.context.ContextLoader - Root WebApplicationContext: initialization completed in 6356 ms
INFO main org.springframework.scheduling.concurrent.ThreadPoolTaskExecutor - Initializing ExecutorService 'applicationTaskExecutor'
INFO main org.springframework.boot.web.embedded.tomcat.TomcatWebServer - Tomcat started on port(s): 8080 (http) with context path ''
INFO main com.example.druid.DruidApplication - Started DruidApplication in 22.016 seconds (JVM running for 27.984)
INFO Thread-47 org.springframework.scheduling.concurrent.ThreadPoolTaskExecutor - Shutting down ExecutorService 'applicationTaskExecutor'
INFO Thread-47 com.alibaba.druid.pool.DruidDataSource - {dataSource-0} closing ...
